
> @repo/admin@3.0.0 build /home/nekitech/projects/opportunity_hub/apps/admin
> next build

▲ Next.js 16.2.6 (Turbopack)
- Environments: .env

  Running TypeScript ...
  Finished TypeScript in 100ms ...
  Creating an optimized production build ...
✓ Compiled successfully in 5.7s
  Collecting page data using 11 workers ...
  Generating static pages using 11 workers (0/21) ...
  Generating static pages using 11 workers (5/21) 
  Generating static pages using 11 workers (10/21) 
  Generating static pages using 11 workers (15/21) 
✓ Generating static pages using 11 workers (21/21) in 298ms
  Finalizing page optimization ...

Route (pages)
┌ ○ /
├   /_app
├ ○ /404
├ ○ /account
├ ○ /archive
├ ○ /auth/login
├ ○ /auth/register
├ ○ /blackList
├ ○ /competition/[id]
├ ○ /competitions
├ ○ /customers
├ ○ /grant/[id]
├ ○ /grants
├ ○ /internship/[id]
├ ○ /internships
├ ○ /logs
├ ○ /parsers
├ ○ /routes
├ ○ /settings
├ ○ /source-stats
└ ○ /user/[id]

○  (Static)  prerendered as static content

